\BOOKMARK [1][-]{title.1}{Title Page}{}% 1
\BOOKMARK [1][-]{abstract.1}{Abstract}{}% 2
\BOOKMARK [1][-]{section.1}{Introduction}{}% 3
\BOOKMARK [1][-]{section.2}{Related Work}{}% 4
\BOOKMARK [2][-]{subsection.2.1}{Computer Assisted Transcription}{section.2}% 5
\BOOKMARK [2][-]{subsection.2.2}{Word Spotting}{section.2}% 6
\BOOKMARK [1][-]{section.3}{Thesis Statement}{}% 7
\BOOKMARK [1][-]{section.4}{Project Description}{}% 8
\BOOKMARK [2][-]{subsection.4.1}{Spotting}{section.4}% 9
\BOOKMARK [2][-]{subsection.4.2}{Preprocessing}{section.4}% 10
\BOOKMARK [2][-]{subsection.4.3}{Lexicon}{section.4}% 11
\BOOKMARK [2][-]{subsection.4.4}{Tool}{section.4}% 12
\BOOKMARK [3][-]{subsubsection.4.4.1}{Computation Server Tasks}{subsection.4.4}% 13
\BOOKMARK [3][-]{subsubsection.4.4.2}{User Tasks}{subsection.4.4}% 14
\BOOKMARK [2][-]{subsection.4.5}{An Example}{section.4}% 15
\BOOKMARK [2][-]{subsection.4.6}{Preliminary Work}{section.4}% 16
\BOOKMARK [3][-]{subsubsection.4.6.1}{Subword Spotting}{subsection.4.6}% 17
\BOOKMARK [3][-]{subsubsection.4.6.2}{System Simulation}{subsection.4.6}% 18
\BOOKMARK [1][-]{section.5}{Validation}{}% 19
\BOOKMARK [2][-]{subsection.5.1}{User Study}{section.5}% 20
\BOOKMARK [1][-]{section.6}{Thesis Schedule}{}% 21
